<?xml version="1.0" encoding="UTF-8"?>
<testng-results ignored="0" total="1" passed="1" failed="0" skipped="0">
  <reporter-output>
    <line>
      <![CDATA[close]]>
    </line>
  </reporter-output>
  <suite started-at="2022-07-29T15:33:24 PDT" name="Default suite" finished-at="2022-07-29T15:33:37 PDT" duration-ms="13208">
    <groups>
    </groups>
    <test started-at="2022-07-29T15:33:24 PDT" name="Default test" finished-at="2022-07-29T15:33:37 PDT" duration-ms="13208">
      <class name="Task.TC_Tasks_001_Test">
        <test-method is-config="true" signature="BrowserSetup()[pri:0, instance:Task.TC_Tasks_001_Test@7adda9cc]" started-at="2022-07-29T15:33:24 PDT" name="BrowserSetup" finished-at="2022-07-29T15:33:29 PDT" duration-ms="5170" status="PASS">
          <reporter-output>
          </reporter-output>
        </test-method> <!-- BrowserSetup -->
        <test-method signature="createTask()[pri:0, instance:Task.TC_Tasks_001_Test@7adda9cc]" started-at="2022-07-29T15:33:29 PDT" name="createTask" finished-at="2022-07-29T15:33:35 PDT" duration-ms="5756" status="PASS">
          <reporter-output>
          </reporter-output>
        </test-method> <!-- createTask -->
        <test-method is-config="true" signature="BrowserTeardown(org.testng.ITestResult)[pri:0, instance:Task.TC_Tasks_001_Test@7adda9cc]" started-at="2022-07-29T15:33:35 PDT" name="BrowserTeardown" finished-at="2022-07-29T15:33:37 PDT" duration-ms="2170" status="PASS">
          <params>
            <param index="0">
              <value>
                <![CDATA[[TestResult name=createTask status=SUCCESS method=TC_Tasks_001_Test.createTask()[pri:0, instance:Task.TC_Tasks_001_Test@7adda9cc] output={null}]]]>
              </value>
            </param>
          </params>
          <reporter-output>
            <line>
              <![CDATA[close]]>
            </line>
          </reporter-output>
        </test-method> <!-- BrowserTeardown -->
      </class> <!-- Task.TC_Tasks_001_Test -->
    </test> <!-- Default test -->
  </suite> <!-- Default suite -->
</testng-results>
